<?xml version="1.0" encoding="UTF-8"?>
<testsuite name="ro.fortsoft.pippo.demo.bdd.runner.PippoCrudDemoRunner" time="4.604" tests="32" errors="0" skipped="3" failures="0">
  <properties>
[...]
</properties>
  <testcase name="Given I am logged in as admin" classname="Scenario: I am warned when trying to create a new contact with a short phone number" time="0.002"/>
  <testcase name="And I open the &apos;Contacts&apos; page" classname="Scenario: I am warned when trying to create a new contact with a short phone number" time="0"/>
  <testcase name="When I click on &apos;Add&apos;" classname="Scenario: I am warned when trying to create a new contact with a short phone number" time="0.001"/>
  <testcase name="And I enter &apos;TestUser&apos; &apos;+40723&apos; and &apos;Some address&apos; in the Edit panel" classname="Scenario: I am warned when trying to create a new contact with a short phone number" time="0"/>
  <testcase name="Then I should see a warning that the phone number is too short" classname="Scenario: I am warned when trying to create a new contact with a short phone number" time="0">
    <skipped/>
  </testcase>
  <testcase name="And The &apos;Submit&apos; button is disabled" classname="Scenario: I am warned when trying to create a new contact with a short phone number" time="0">
    <skipped/>
  </testcase>
  <testcase name="Scenario: I am warned when trying to create a new contact with a short phone number" classname="Scenario: I am warned when trying to create a new contact with a short phone number" time="0">
    <skipped/>
  </testcase>
  <testcase name="Scenario: I am warned when trying to create a new contact with a short phone number" classname="Scenario: I am warned when trying to create a new contact with a short phone number" time="1.488"/>
  <testcase name="Given I am logged in as admin" classname="| Serban | Str. Some street nr. 2 | +4077235653 |" time="0"/>
  <testcase name="And I open the &apos;Contacts&apos; page" classname="| Serban | Str. Some street nr. 2 | +4077235653 |" time="0"/>
  <testcase name="When I click on &apos;Add&apos;" classname="| Serban | Str. Some street nr. 2 | +4077235653 |" time="0"/>
  <testcase name="And I enter &apos;Serban&apos; &apos;+4077235653&apos; and &apos;Str. Some street nr. 2&apos; in the Edit panel" classname="| Serban | Str. Some street nr. 2 | +4077235653 |" time="0"/>
  <testcase name="And I click &apos;Submit&apos; button" classname="| Serban | Str. Some street nr. 2 | +4077235653 |" time="0"/>
  <testcase name="Then I should see &apos;Serban&apos; in the list of contacts" classname="| Serban | Str. Some street nr. 2 | +4077235653 |" time="0"/>
  <testcase name="| Serban | Str. Some street nr. 2 | +4077235653 |" classname="| Serban | Str. Some street nr. 2 | +4077235653 |" time="1.23"/>
  <testcase name="Given I am logged in as admin" classname="| Decebal | Str. Burebista nr. 3 | +4077235655 |" time="0"/>
  <testcase name="And I open the &apos;Contacts&apos; page" classname="| Decebal | Str. Burebista nr. 3 | +4077235655 |" time="0"/>
  <testcase name="When I click on &apos;Add&apos;" classname="| Decebal | Str. Burebista nr. 3 | +4077235655 |" time="0"/>
  <testcase name="And I enter &apos;Decebal&apos; &apos;+4077235655&apos; and &apos;Str. Burebista nr. 3&apos; in the Edit panel" classname="| Decebal | Str. Burebista nr. 3 | +4077235655 |" time="0"/>
  <testcase name="And I click &apos;Submit&apos; button" classname="| Decebal | Str. Burebista nr. 3 | +4077235655 |" time="0"/>
  <testcase name="Then I should see &apos;Decebal&apos; in the list of contacts" classname="| Decebal | Str. Burebista nr. 3 | +4077235655 |" time="0"/>
  <testcase name="| Decebal | Str. Burebista nr. 3 | +4077235655 |" classname="| Decebal | Str. Burebista nr. 3 | +4077235655 |" time="1.585"/>
  <testcase name="Given I try to access the &apos;Contacts&apos; page" classname="Scenario: Entering valid credentials I am able to login and see &apos;Contacts&apos; page" time="0"/>
  <testcase name="And I see the &apos;Login&apos; page" classname="Scenario: Entering valid credentials I am able to login and see &apos;Contacts&apos; page" time="0"/>
  <testcase name="When I login with user &apos;admin&apos; and with password &apos;admin&apos;" classname="Scenario: Entering valid credentials I am able to login and see &apos;Contacts&apos; page" time="0"/>
  <testcase name="Then I should see the &apos;Contacts&apos; page" classname="Scenario: Entering valid credentials I am able to login and see &apos;Contacts&apos; page" time="0"/>
  <testcase name="Scenario: Entering valid credentials I am able to login and see &apos;Contacts&apos; page" classname="Scenario: Entering valid credentials I am able to login and see &apos;Contacts&apos; page" time="0.881"/>
  <testcase name="Given I try to access the &apos;Contacts&apos; page" classname="Scenario: Entering invalid credentials I am warned that login has failed" time="0"/>
  <testcase name="And I see the &apos;Login&apos; page" classname="Scenario: Entering invalid credentials I am warned that login has failed" time="0"/>
  <testcase name="When I login with user &apos;hacker&apos; and with password &apos;&apos;" classname="Scenario: Entering invalid credentials I am warned that login has failed" time="0"/>
  <testcase name="Then I should see a failed login warning message with key &apos;login.warnLoginFailed&apos;" classname="Scenario: Entering invalid credentials I am warned that login has failed" time="0"/>
  <testcase name="Scenario: Entering invalid credentials I am warned that login has failed" classname="Scenario: Entering invalid credentials I am warned that login has failed" time="0.905"/>
</testsuite>